2023-05-14 17:35:06 [127.0.0.1][-][-][error][yii\base\ErrorException:1] yii\base\ErrorException: Maximum execution time of 120 seconds exceeded in C:\xampp\htdocs\humhub\protected\vendor\yiisoft\yii2-httpclient\src\CurlTransport.php:40
Stack trace:
#0 [internal function]: yii\base\ErrorHandler->handleFatalError()
#1 {main}
2023-05-14 17:30:06 [127.0.0.1][-][-][info][application] $_GET = [
    'r' => 'installer/config/modules'
]

$_SERVER = [
    'MIBDIRS' => 'C:/xampp/php/extras/mibs'
    'MYSQL_HOME' => '\\xampp\\mysql\\bin'
    'OPENSSL_CONF' => 'C:/xampp/apache/bin/openssl.cnf'
    'PHP_PEAR_SYSCONF_DIR' => '\\xampp\\php'
    'PHPRC' => '\\xampp\\php'
    'TMP' => '\\xampp\\tmp'
    'HTTP_HOST' => 'localhost'
    'HTTP_USER_AGENT' => 'Mozilla/5.0 (Windows NT 10.0; Win64; x64; rv:109.0) Gecko/20100101 Firefox/114.0'
    'HTTP_ACCEPT' => 'text/html,application/xhtml+xml,application/xml;q=0.9,image/avif,image/webp,*/*;q=0.8'
    'HTTP_ACCEPT_LANGUAGE' => 'en-US,en;q=0.5'
    'HTTP_ACCEPT_ENCODING' => 'gzip, deflate, br'
    'HTTP_REFERER' => 'http://localhost/humhub/index.php?r=installer%2Fconfig%2Fmodules'
    'CONTENT_TYPE' => 'application/x-www-form-urlencoded'
    'CONTENT_LENGTH' => '237'
    'HTTP_ORIGIN' => 'http://localhost'
    'HTTP_CONNECTION' => 'keep-alive'
    'HTTP_COOKIE' => 'pma_lang=en; pmaUser-1=eO2eQkFoU0kGB6SXgf6svd8kq6XYfAf%2FoIRVhM%2FOBnqGTQurAezIXNt5fik%3D; base_language_id=1; adminToken=WEd45EMoT3mIpOrIw1tUxOlIHagaKeZe; ow_login=07f009fc3c201da0228a847b1ba4b384; XSRF-TOKEN=ev24cu7ditgr1gues510finbk0; JWT-SESSION=eyJhbGciOiJIUzI1NiJ9.eyJsYXN0UmVmcmVzaFRpbWUiOjE2ODQwNzU5NjU4MzQsInhzcmZUb2tlbiI6ImV2MjRjdTdkaXRncjFndWVzNTEwZmluYmswIiwianRpIjoiQVlnVndON2VfcG5DcVU3N3JiWUkiLCJzdWIiOiJBWWdWdjlMOF9wbkNxVTc3clJjYSIsImlhdCI6MTY4Mzk5MjE0MSwiZXhwIjoxNjg0MzM1MTY1fQ.NslWKRa-HfCCjCtEevlfzc11LstnSJemHB18044LR1w; _csrf=54061a5743d1c91a0cb1660461285e03a32853a5cb90cfb4352910c33829bc03a%3A2%3A%7Bi%3A0%3Bs%3A5%3A%22_csrf%22%3Bi%3A1%3Bs%3A32%3A%2228a1w5WrwDL3K8e81-2YZAe_Uzb6Jar5%22%3B%7D'
    'HTTP_UPGRADE_INSECURE_REQUESTS' => '1'
    'HTTP_SEC_FETCH_DEST' => 'document'
    'HTTP_SEC_FETCH_MODE' => 'navigate'
    'HTTP_SEC_FETCH_SITE' => 'same-origin'
    'HTTP_SEC_FETCH_USER' => '?1'
    'PATH' => 'C:\\Program Files (x86)\\Eclipse Adoptium\\jdk-17.0.7.7-hotspot\\bin;C:\\Program Files (x86)\\Intel\\Intel(R) Management Engine Components\\iCLS\\;C:\\Program Files\\Intel\\Intel(R) Management Engine Components\\iCLS\\;C:\\Windows\\system32;C:\\Windows;C:\\Windows\\System32\\Wbem;C:\\Windows\\System32\\WindowsPowerShell\\v1.0\\;C:\\Windows\\System32\\OpenSSH\\;C:\\Program Files (x86)\\NVIDIA Corporation\\PhysX\\Common;C:\\Program Files (x86)\\Intel\\Intel(R) Management Engine Components\\DAL;C:\\Program Files\\Intel\\Intel(R) Management Engine Components\\DAL;C:\\Program Files\\Intel\\WiFi\\bin\\;C:\\Program Files\\Common Files\\Intel\\WirelessCommon\\;C:\\WINDOWS\\system32;C:\\WINDOWS;C:\\WINDOWS\\System32\\Wbem;C:\\WINDOWS\\System32\\WindowsPowerShell\\v1.0\\;C:\\WINDOWS\\System32\\OpenSSH\\;C:\\Program Files\\dotnet\\;C:\\Aldec\\Active-HDL-13-x64\\bin;C:\\Program Files\\Docker\\Docker\\resources\\bin;C:\\Users\\amezz\\Downloads\\Compressed\\sonar-scanner-4.8.0.2856-windows\\bin;C:\\Users\\amezz\\AppData\\Local\\Programs\\Python\\Python311\\Scripts\\;C:\\Users\\amezz\\AppData\\Local\\Programs\\Python\\Python311\\;C:\\Users\\amezz\\AppData\\Local\\Microsoft\\WindowsApps;C:\\Users\\amezz\\AppData\\Local\\Programs\\Microsoft VS Code\\bin;C:\\Users\\amezz\\AppData\\Local\\GitHubDesktop\\bin'
    'SystemRoot' => 'C:\\WINDOWS'
    'COMSPEC' => 'C:\\WINDOWS\\system32\\cmd.exe'
    'PATHEXT' => '.COM;.EXE;.BAT;.CMD;.VBS;.VBE;.JS;.JSE;.WSF;.WSH;.MSC'
    'WINDIR' => 'C:\\WINDOWS'
    'SERVER_SIGNATURE' => '<address>Apache/2.4.54 (Win64) OpenSSL/1.1.1p PHP/8.2.0 Server at localhost Port 80</address>
'
    'SERVER_SOFTWARE' => 'Apache/2.4.54 (Win64) OpenSSL/1.1.1p PHP/8.2.0'
    'SERVER_NAME' => 'localhost'
    'SERVER_ADDR' => '127.0.0.1'
    'SERVER_PORT' => '80'
    'REMOTE_ADDR' => '127.0.0.1'
    'DOCUMENT_ROOT' => 'C:/xampp/htdocs'
    'REQUEST_SCHEME' => 'http'
    'CONTEXT_PREFIX' => ''
    'CONTEXT_DOCUMENT_ROOT' => 'C:/xampp/htdocs'
    'SERVER_ADMIN' => 'postmaster@localhost'
    'SCRIPT_FILENAME' => 'C:/xampp/htdocs/humhub/index.php'
    'REMOTE_PORT' => '63437'
    'GATEWAY_INTERFACE' => 'CGI/1.1'
    'SERVER_PROTOCOL' => 'HTTP/1.1'
    'REQUEST_METHOD' => 'POST'
    'QUERY_STRING' => 'r=installer%2Fconfig%2Fmodules'
    'REQUEST_URI' => '/humhub/index.php?r=installer%2Fconfig%2Fmodules'
    'SCRIPT_NAME' => '/humhub/index.php'
    'PHP_SELF' => '/humhub/index.php'
    'REQUEST_TIME_FLOAT' => 1684078206.1374
    'REQUEST_TIME' => 1684078206
]
